0 info it worked if it ends with ok
1 verbose cli [ '/usr/local/bin/node', '/usr/local/bin/npm', 'start' ]
2 info using npm@3.8.6
3 info using node@v4.4.2
4 verbose run-script [ 'prestart', 'start', 'poststart' ]
5 info lifecycle piglatin-converter@1.0.0~prestart: piglatin-converter@1.0.0
6 verbose lifecycle piglatin-converter@1.0.0~prestart: unsafe-perm in lifecycle true
7 verbose lifecycle piglatin-converter@1.0.0~prestart: PATH: /usr/local/lib/node_modules/npm/bin/node-gyp-bin:/Users/navedali/piglatin/service/node_modules/.bin:/usr/local/bin:/Users/navedali/anaconda/bin:/Users/navedali/.rvm/gems/ruby-2.2.1/bin:/Users/navedali/.rvm/gems/ruby-2.2.1@global/bin:/Users/navedali/.rvm/rubies/ruby-2.2.1/bin:/usr/local/bin:/usr/bin:/bin:/usr/sbin:/sbin:/Users/navedali/.rvm/bin
8 verbose lifecycle piglatin-converter@1.0.0~prestart: CWD: /Users/navedali/piglatin/service
9 silly lifecycle piglatin-converter@1.0.0~prestart: Args: [ '-c', 'webpack' ]
10 silly lifecycle piglatin-converter@1.0.0~prestart: Returned: code: 1  signal: null
11 info lifecycle piglatin-converter@1.0.0~prestart: Failed to exec prestart script
12 verbose stack Error: piglatin-converter@1.0.0 prestart: `webpack`
12 verbose stack Exit status 1
12 verbose stack     at EventEmitter.<anonymous> (/usr/local/lib/node_modules/npm/lib/utils/lifecycle.js:239:16)
12 verbose stack     at emitTwo (events.js:87:13)
12 verbose stack     at EventEmitter.emit (events.js:172:7)
12 verbose stack     at ChildProcess.<anonymous> (/usr/local/lib/node_modules/npm/lib/utils/spawn.js:24:14)
12 verbose stack     at emitTwo (events.js:87:13)
12 verbose stack     at ChildProcess.emit (events.js:172:7)
12 verbose stack     at maybeClose (internal/child_process.js:827:16)
12 verbose stack     at Process.ChildProcess._handle.onexit (internal/child_process.js:211:5)
13 verbose pkgid piglatin-converter@1.0.0
14 verbose cwd /Users/navedali/piglatin/service
15 error Darwin 14.5.0
16 error argv "/usr/local/bin/node" "/usr/local/bin/npm" "start"
17 error node v4.4.2
18 error npm  v3.8.6
19 error code ELIFECYCLE
20 error piglatin-converter@1.0.0 prestart: `webpack`
20 error Exit status 1
21 error Failed at the piglatin-converter@1.0.0 prestart script 'webpack'.
21 error Make sure you have the latest version of node.js and npm installed.
21 error If you do, this is most likely a problem with the piglatin-converter package,
21 error not with npm itself.
21 error Tell the author that this fails on your system:
21 error     webpack
21 error You can get information on how to open an issue for this project with:
21 error     npm bugs piglatin-converter
21 error Or if that isn't available, you can get their info via:
21 error     npm owner ls piglatin-converter
21 error There is likely additional logging output above.
22 verbose exit [ 1, true ]
